Arguments: 
  /usr/bin/node /usr/share/yarn/bin/yarn.js add bcrypt -D @type/bcrypt

PATH: 
  /home/django/.serverless/bin:/home/django/.serverless/bin:/home/django/.zinit/polaris/bin:/usr/local/sbin:/usr/local/bin:/usr/sbin:/usr/bin:/sbin:/bin:/usr/games:/usr/local/games:/snap/bin:/home/django/.yarn/bin:/home/django/.yarn/bin

Yarn version: 
  1.22.5

Node version: 
  14.17.0

Platform: 
  linux x64

Trace: 
  Error: https://registry.yarnpkg.com/@type%2fbcrypt: Not found
      at Request.params.callback [as _callback] (/usr/share/yarn/lib/cli.js:66988:18)
      at Request.self.callback (/usr/share/yarn/lib/cli.js:140749:22)
      at Request.emit (events.js:376:20)
      at Request.<anonymous> (/usr/share/yarn/lib/cli.js:141721:10)
      at Request.emit (events.js:376:20)
      at IncomingMessage.<anonymous> (/usr/share/yarn/lib/cli.js:141643:12)
      at Object.onceWrapper (events.js:482:28)
      at IncomingMessage.emit (events.js:388:22)
      at endReadableNT (internal/streams/readable.js:1336:12)
      at processTicksAndRejections (internal/process/task_queues.js:82:21)

npm manifest: 
  {
    "name": "desafio-serverless",
    "version": "1.0.0",
    "description": "Serverless aws-nodejs-typescript template",
    "main": "serverless.ts",
    "scripts": {
      "test": "echo \"Error: no test specified\" && exit 1"
    },
    "engines": {
      "node": ">=14.15.0"
    },
    "dependencies": {
      "@middy/core": "^1.5.2",
      "@middy/http-json-body-parser": "^1.5.2",
      "source-map-support": "^0.5.19"
    },
    "devDependencies": {
      "@serverless/typescript": "^2.23.0",
      "@types/aws-lambda": "^8.10.71",
      "@types/node": "^14.14.25",
      "json-schema-to-ts": "^1.5.0",
      "serverless": "^2.23.0",
      "serverless-webpack": "^5.3.5",
      "ts-loader": "^8.0.15",
      "ts-node": "^9.1.1",
      "tsconfig-paths": "^3.9.0",
      "tsconfig-paths-webpack-plugin": "^3.3.0",
      "typescript": "^4.1.3",
      "webpack": "^5.20.2",
      "webpack-node-externals": "^2.5.2"
    },
    "author": "The serverless webpack authors (https://github.com/elastic-coders/serverless-webpack)",
    "license": "MIT"
  }

yarn manifest: 
  No manifest

Lockfile: 
  No lockfile
